<?xml version="1.0" encoding="UTF-8"?>
<!-- Generated by org.testng.reporters.JUnitReportReporter -->
<testsuite hostname="DESKTOP-TAIO5AR" failures="0" tests="1" name="apitests.Test1" time="12.131" errors="0" timestamp="2021-12-14T15:54:48 IST" skipped="0">
  <testcase classname="apitests.Test1" name="test_1" time="12.131"/>
  <system-out/>
</testsuite> <!-- apitests.Test1 -->
