<?xml version="1.0" encoding="UTF-8"?>
<!-- Generated by org.testng.reporters.JUnitReportReporter -->
<testsuite hostname="DESKTOP-TAIO5AR" failures="0" tests="1" name="apitests.Test1" time="4.858" errors="0" timestamp="2021-12-12T13:09:22 IST" skipped="0">
  <testcase classname="apitests.Test1" name="test_1" time="4.858"/>
  <system-out/>
</testsuite> <!-- apitests.Test1 -->
