<?xml version="1.0" encoding="UTF-8"?>
<!-- Generated by org.testng.reporters.JUnitReportReporter -->
<testsuite hostname="DESKTOP-TAIO5AR" failures="0" tests="2" name="apitests.Test2GetAndPost" time="8.800" errors="0" timestamp="2021-12-14T15:54:48 IST" skipped="0">
  <testcase classname="apitests.Test2GetAndPost" name="testGet" time="7.184"/>
  <system-out/>
  <testcase classname="apitests.Test2GetAndPost" name="testpost" time="1.616"/>
  <system-out/>
</testsuite> <!-- apitests.Test2GetAndPost -->
