<?xml version="1.0" encoding="UTF-8"?>
<!-- Generated by org.testng.reporters.JUnitReportReporter -->
<testsuite hostname="DESKTOP-TAIO5AR" failures="0" tests="3" name="apitests.Test3PutPatchDelete" time="7.257" errors="0" timestamp="2021-12-12T15:07:12 IST" skipped="0">
  <testcase classname="apitests.Test3PutPatchDelete" name="testput" time="5.341"/>
  <system-out/>
  <testcase classname="apitests.Test3PutPatchDelete" name="testpatch" time="1.065"/>
  <system-out/>
  <testcase classname="apitests.Test3PutPatchDelete" name="testDelete" time="0.851"/>
  <system-out/>
</testsuite> <!-- apitests.Test3PutPatchDelete -->
