<?xml version="1.0" encoding="UTF-8"?>
<!-- Generated by org.testng.reporters.JUnitReportReporter -->
<testsuite hostname="DESKTOP-TAIO5AR" failures="0" tests="3" name="apitests.Test3PutPatchDelete" time="2.514" errors="0" timestamp="2021-12-14T15:54:48 IST" skipped="0">
  <testcase classname="apitests.Test3PutPatchDelete" name="testput" time="0.860"/>
  <system-out/>
  <testcase classname="apitests.Test3PutPatchDelete" name="testpatch" time="0.862"/>
  <system-out/>
  <testcase classname="apitests.Test3PutPatchDelete" name="testDelete" time="0.792"/>
  <system-out/>
</testsuite> <!-- apitests.Test3PutPatchDelete -->
